<?xml version="1.0" encoding="UTF-8"?>
<!-- Generated by org.testng.reporters.JUnitReportReporter -->
<testsuite hostname="Aman" failures="0" tests="1" name="Day3.PathAndQueryParameters" time="3.376" errors="0" timestamp="2025-03-28T15:16:11 IST" skipped="0">
  <testcase classname="Day3.PathAndQueryParameters" name="pathAndQueryParametersMethod" time="3.376"/>
  <system-out/>
</testsuite> <!-- Day3.PathAndQueryParameters -->
