<?xml version="1.0" encoding="UTF-8"?>
<!-- Generated by org.testng.reporters.JUnitReportReporter -->
<testsuite hostname="Aman" failures="0" tests="2" name="AjAutomateHttpRequest.postUsingGetterSetter" time="3.446" errors="0" timestamp="2025-03-26T15:36:34 IST" skipped="0">
  <testcase classname="AjAutomateHttpRequest.postUsingGetterSetter" name="postPOJOMethod" time="3.397"/>
  <system-out/>
  <testcase classname="AjAutomateHttpRequest.postUsingGetterSetter" name="deleteMethode" time="0.049"/>
  <system-out/>
</testsuite> <!-- AjAutomateHttpRequest.postUsingGetterSetter -->
