<?xml version="1.0" encoding="UTF-8"?>
<!-- Generated by org.testng.reporters.JUnitReportReporter -->
<testsuite hostname="Aman" failures="0" tests="1" name="Day3.HeaderDemo" time="3.766" errors="0" timestamp="2025-03-30T01:01:59 IST" skipped="0">
  <testcase classname="Day3.HeaderDemo" name="testHeader" time="3.766"/>
  <system-out/>
</testsuite> <!-- Day3.HeaderDemo -->
