<?xml version="1.0" encoding="UTF-8"?>
<!-- Generated by org.testng.reporters.JUnitReportReporter -->
<testsuite hostname="Aman" failures="0" tests="2" name="AjAutomateHttpRequest.PostUsingExternalJsonFile" time="5.350" errors="0" timestamp="2025-03-26T16:24:52 IST" skipped="0">
  <testcase classname="AjAutomateHttpRequest.PostUsingExternalJsonFile" name="postUsingExternalJsonFile" time="5.278"/>
  <system-out/>
  <testcase classname="AjAutomateHttpRequest.PostUsingExternalJsonFile" name="deleteMethode" time="0.072"/>
  <system-out/>
</testsuite> <!-- AjAutomateHttpRequest.PostUsingExternalJsonFile -->
