<?xml version="1.0" encoding="UTF-8"?>
<!-- Generated by org.testng.reporters.JUnitReportReporter -->
<testsuite hostname="Aman" failures="0" tests="1" name="Day5.TestClass" time="7.387" errors="0" timestamp="2025-03-31T13:04:35 IST" skipped="0">
  <testcase classname="Day5.TestClass" name="JsonResponseWithDataMathod" time="7.387"/>
  <system-out/>
</testsuite> <!-- Day5.TestClass -->
