<?xml version="1.0" encoding="UTF-8"?>
<!-- Generated by org.testng.reporters.JUnitReportReporter -->
<testsuite hostname="Aman" failures="0" tests="2" name="AjAutomateHttpRequest.PostRequestClass" time="3.842" errors="0" timestamp="2025-03-26T00:28:17 IST" skipped="0">
  <testcase classname="AjAutomateHttpRequest.PostRequestClass" name="postHashMapMethod" time="3.794"/>
  <system-out/>
  <testcase classname="AjAutomateHttpRequest.PostRequestClass" name="deleteRecord" time="0.048"/>
  <system-out/>
</testsuite> <!-- AjAutomateHttpRequest.PostRequestClass -->
