<?xml version="1.0" encoding="UTF-8"?>
<!-- Generated by org.testng.reporters.JUnitReportReporter -->
<testsuite hostname="Aman" failures="0" tests="1" name="AjAutomateHttpRequest.PostRequest" time="4.023" errors="0" timestamp="2025-03-23T16:56:25 IST" skipped="0">
  <testcase classname="AjAutomateHttpRequest.PostRequest" name="getMthod" time="4.023"/>
  <system-out/>
</testsuite> <!-- AjAutomateHttpRequest.PostRequest -->
