<?xml version="1.0" encoding="UTF-8"?>
<!-- Generated by org.testng.reporters.JUnitReportReporter -->
<testsuite hostname="Aman" failures="0" tests="3" name="AjAutomateHttpRequest.HttpRequests" time="5.030" errors="0" timestamp="2025-03-25T23:40:50 IST" skipped="0">
  <testcase classname="AjAutomateHttpRequest.HttpRequests" name="getUsers" time="3.523"/>
  <system-out/>
  <testcase classname="AjAutomateHttpRequest.HttpRequests" name="createUser" time="0.970"/>
  <system-out/>
  <testcase classname="AjAutomateHttpRequest.HttpRequests" name="updateUser" time="0.537"/>
  <system-out/>
</testsuite> <!-- AjAutomateHttpRequest.HttpRequests -->
