<?xml version="1.0" encoding="UTF-8"?>
<!-- Generated by org.testng.reporters.JUnitReportReporter -->
<testsuite hostname="Aman" failures="0" tests="2" name="AjAutomateHttpRequest.PostWithOrgJson" time="3.305" errors="0" timestamp="2025-03-26T14:54:55 IST" skipped="0">
  <testcase classname="AjAutomateHttpRequest.PostWithOrgJson" name="deleteMethod" time="0.044"/>
  <system-out/>
  <testcase classname="AjAutomateHttpRequest.PostWithOrgJson" name="postUsingJsonLibraryMethod" time="3.261"/>
  <system-out/>
</testsuite> <!-- AjAutomateHttpRequest.PostWithOrgJson -->
